<?xml version="1.0" encoding="utf-8"?><testsuites name="pytest tests"><testsuite name="pytest" errors="0" failures="1" skipped="0" tests="1" time="1.508" timestamp="2026-08-22T05:18:55.387080+00:00" hostname="agent-env-4c6d0c9b-e502-4e38-a9d0-6b7eb0d9beac"><testcase classname="tests.backend_test" name="test_hold_rejects_doctor_leave_date" time="0.974"><failure message="AssertionError: {&quot;id&quot;:&quot;95262a00-0c9b-473d-b6d5-2e7cf4d1de0f&quot;,&quot;doctor_id&quot;:&quot;493bb9ae-5e77-4964-8ed8-07c4b5a70fb3&quot;,&quot;patient_id&quot;:&quot;4cd1bff7-0e89-4098-abb6-5cef6969507c&quot;,&quot;start&quot;:&quot;2026-09-01T10:00:00+00:00&quot;,&quot;end&quot;:&quot;2026-09-01T10:30:00+00:00&quot;,&quot;status&quot;:&quot;HELD&quot;,&quot;expires_at&quot;:&quot;2026-08-22T05:23:56.787505+00:00&quot;,&quot;created_at&quot;:&quot;2026-08-22T05:18:56.787510+00:00&quot;}&#10;assert 200 in (400, 409)&#10; +  where 200 = &lt;Response [200]&gt;.status_code">backend/tests/backend_test.py:136: in test_hold_rejects_doctor_leave_date
    assert response.status_code in (400, 409), response.text
E   AssertionError: {"id":"95262a00-0c9b-473d-b6d5-2e7cf4d1de0f","doctor_id":"493bb9ae-5e77-4964-8ed8-07c4b5a70fb3","patient_id":"4cd1bff7-0e89-4098-abb6-5cef6969507c","start":"2026-09-01T10:00:00+00:00","end":"2026-09-01T10:30:00+00:00","status":"HELD","expires_at":"2026-08-22T05:23:56.787505+00:00","created_at":"2026-08-22T05:18:56.787510+00:00"}
E   assert 200 in (400, 409)
E    +  where 200 = &lt;Response [200]&gt;.status_code</failure></testcase></testsuite></testsuites>