<?xml version="1.0" encoding="utf-8"?><testsuites name="pytest tests"><testsuite name="pytest" errors="0" failures="0" skipped="0" tests="5" time="3.929" timestamp="2026-08-22T05:18:34.782233+00:00" hostname="agent-env-4c6d0c9b-e502-4e38-a9d0-6b7eb0d9beac"><testcase classname="tests.backend_test" name="test_health_endpoints" time="0.168" /><testcase classname="tests.backend_test" name="test_seeded_role_logins_and_role_access" time="0.656" /><testcase classname="tests.backend_test" name="test_patient_register_login_and_booking_lifecycle" time="1.269" /><testcase classname="tests.backend_test" name="test_admin_can_create_doctor_and_overview" time="0.606" /><testcase classname="tests.backend_test" name="test_concurrent_holds_allow_only_one_booking" time="0.730" /></testsuite></testsuites>